<?xml version="1.0" encoding="UTF-8"?>
<!-- Generated by org.testng.reporters.JUnitReportReporter -->
<testsuite hostname="WIN-FLDG8LUAAMC" failures="0" tests="2" name="firstJava.crossBr" time="51.178" errors="0" timestamp="2023-05-02T09:44:43 IST" skipped="0">
  <testcase classname="firstJava.crossBr" name="petStoreTC1" time="25.674"/>
  <system-out/>
  <testcase classname="firstJava.crossBr" name="petStoreTC1" time="25.504"/>
  <system-out/>
</testsuite> <!-- firstJava.crossBr -->
